{
  "stats": {
    "suites": 7,
    "tests": 17,
    "passes": 16,
    "pending": 0,
    "failures": 1,
    "start": "2022-04-27T21:40:56.540Z",
    "end": "2022-04-27T21:41:07.847Z",
    "duration": 11307,
    "testsRegistered": 17,
    "passPercent": 94.11764705882352,
    "pendingPercent": 0,
    "other": 0,
    "hasOther": false,
    "skipped": 0,
    "hasSkipped": false
  },
  "results": [
    {
      "uuid": "ab9e1ffc-a027-454d-a5a9-e7fd0dcb2dd7",
      "title": "",
      "fullFile": "cypress/integration/meme-generator.spec.js",
      "file": "cypress/integration/meme-generator.spec.js",
      "beforeHooks": [],
      "afterHooks": [],
      "tests": [],
      "suites": [
        {
          "uuid": "ad8c170e-0617-46a2-b619-07e7ed87e7b5",
          "title": "1 - Crie uma caixa de texto com a qual quem usa pode interagir para inserir texto em cima da imagem escolhida.",
          "fullFile": "",
          "file": "",
          "beforeHooks": [],
          "afterHooks": [],
          "tests": [
            {
              "title": "Será validado se o input de texto existe e conseguimos inputar texto nele",
              "fullTitle": "1 - Crie uma caixa de texto com a qual quem usa pode interagir para inserir texto em cima da imagem escolhida. Será validado se o input de texto existe e conseguimos inputar texto nele",
              "timedOut": null,
              "duration": 1081,
              "state": "passed",
              "speed": "slow",
              "pass": true,
              "fail": false,
              "pending": false,
              "context": null,
              "code": "typeText();",
              "err": {},
              "uuid": "e4d317b0-bf61-425f-a49d-3407d05904ad",
              "parentUUID": "ad8c170e-0617-46a2-b619-07e7ed87e7b5",
              "isHook": false,
              "skipped": false
            },
            {
              "title": "Será validado se o texto digitado no input é visível na tela",
              "fullTitle": "1 - Crie uma caixa de texto com a qual quem usa pode interagir para inserir texto em cima da imagem escolhida. Será validado se o texto digitado no input é visível na tela",
              "timedOut": null,
              "duration": 581,
              "state": "passed",
              "speed": "slow",
              "pass": true,
              "fail": false,
              "pending": false,
              "context": null,
              "code": "typeText();\ncheckTypedTextIsVisible();",
              "err": {},
              "uuid": "2e1990cb-5271-4c2a-b8a9-76311d919186",
              "parentUUID": "ad8c170e-0617-46a2-b619-07e7ed87e7b5",
              "isHook": false,
              "skipped": false
            },
            {
              "title": "Será validado se existe um elemento de container para onde o texto será mostrado",
              "fullTitle": "1 - Crie uma caixa de texto com a qual quem usa pode interagir para inserir texto em cima da imagem escolhida. Será validado se existe um elemento de container para onde o texto será mostrado",
              "timedOut": null,
              "duration": 478,
              "state": "passed",
              "speed": "slow",
              "pass": true,
              "fail": false,
              "pending": false,
              "context": null,
              "code": "typeText();\ncheckTypedTextIsVisible();\ncheckFullOverlappage('#meme-image-container', '#meme-text');",
              "err": {},
              "uuid": "234a3c71-80fa-4a48-b5c9-051d0456d55c",
              "parentUUID": "ad8c170e-0617-46a2-b619-07e7ed87e7b5",
              "isHook": false,
              "skipped": false
            }
          ],
          "suites": [],
          "passes": [
            "e4d317b0-bf61-425f-a49d-3407d05904ad",
            "2e1990cb-5271-4c2a-b8a9-76311d919186",
            "234a3c71-80fa-4a48-b5c9-051d0456d55c"
          ],
          "failures": [],
          "pending": [],
          "skipped": [],
          "duration": 2140,
          "root": false,
          "rootEmpty": false,
          "_timeout": 2000
        },
        {
          "uuid": "dbb3c5fc-ca0e-40bd-a7c6-78d4c8632c38",
          "title": "2 - O site deve permitir que quem usa faça upload de uma imagem de seu computador.",
          "fullFile": "",
          "file": "",
          "beforeHooks": [],
          "afterHooks": [],
          "tests": [
            {
              "title": "Será validado se é possível carregar uma imagem através do elemento correto",
              "fullTitle": "2 - O site deve permitir que quem usa faça upload de uma imagem de seu computador. Será validado se é possível carregar uma imagem através do elemento correto",
              "timedOut": null,
              "duration": 211,
              "state": "passed",
              "speed": "slow",
              "pass": true,
              "fail": false,
              "pending": false,
              "context": null,
              "code": "memeUpload();",
              "err": {},
              "uuid": "f290881d-aded-42d0-ace4-ca21d2986292",
              "parentUUID": "dbb3c5fc-ca0e-40bd-a7c6-78d4c8632c38",
              "isHook": false,
              "skipped": false
            },
            {
              "title": "Será validado se a imagem carregada é exibida dentro do elemento correto",
              "fullTitle": "2 - O site deve permitir que quem usa faça upload de uma imagem de seu computador. Será validado se a imagem carregada é exibida dentro do elemento correto",
              "timedOut": null,
              "duration": 144,
              "state": "passed",
              "speed": "slow",
              "pass": true,
              "fail": false,
              "pending": false,
              "context": null,
              "code": "memeUpload();\ncy.get('#meme-image').should('be.visible');",
              "err": {},
              "uuid": "6dc9e529-fc9f-48ce-81b7-a98e96ff9d29",
              "parentUUID": "dbb3c5fc-ca0e-40bd-a7c6-78d4c8632c38",
              "isHook": false,
              "skipped": false
            },
            {
              "title": "Será validado se o texto é inserido corretamente sobre a imagem",
              "fullTitle": "2 - O site deve permitir que quem usa faça upload de uma imagem de seu computador. Será validado se o texto é inserido corretamente sobre a imagem",
              "timedOut": null,
              "duration": 503,
              "state": "passed",
              "speed": "slow",
              "pass": true,
              "fail": false,
              "pending": false,
              "context": null,
              "code": "memeUpload();\ncy.get('#meme-image').should('be.visible');\ntypeTextAndCheckItsPosition('#meme-image', '#meme-text');",
              "err": {},
              "uuid": "23e87db3-3e37-410b-8039-5995f298ec8a",
              "parentUUID": "dbb3c5fc-ca0e-40bd-a7c6-78d4c8632c38",
              "isHook": false,
              "skipped": false
            }
          ],
          "suites": [],
          "passes": [
            "f290881d-aded-42d0-ace4-ca21d2986292",
            "6dc9e529-fc9f-48ce-81b7-a98e96ff9d29",
            "23e87db3-3e37-410b-8039-5995f298ec8a"
          ],
          "failures": [],
          "pending": [],
          "skipped": [],
          "duration": 858,
          "root": false,
          "rootEmpty": false,
          "_timeout": 2000
        },
        {
          "uuid": "530bb972-1b6b-49fc-8da3-6f9e0acd3328",
          "title": "3 - Adicione uma moldura no container. A moldura deve ter 1 pixel de largura, deve ser preta e do tipo 'solid'. A área onde a imagem aparecerá deve ter fundo branco.",
          "fullFile": "",
          "file": "",
          "beforeHooks": [],
          "afterHooks": [],
          "tests": [
            {
              "title": "Será validado se o elemento que serve de container para a imagem tem a cor de fundo branca",
              "fullTitle": "3 - Adicione uma moldura no container. A moldura deve ter 1 pixel de largura, deve ser preta e do tipo 'solid'. A área onde a imagem aparecerá deve ter fundo branco. Será validado se o elemento que serve de container para a imagem tem a cor de fundo branca",
              "timedOut": null,
              "duration": 185,
              "state": "passed",
              "speed": "slow",
              "pass": true,
              "fail": false,
              "pending": false,
              "context": null,
              "code": "cy.get('#meme-image-container').should(function ($container) {\n  expect($container).to.have.css('background-color', 'rgb(255, 255, 255)');\n});",
              "err": {},
              "uuid": "3cc2ad4c-aaf1-4705-bb47-3df0a3664b78",
              "parentUUID": "530bb972-1b6b-49fc-8da3-6f9e0acd3328",
              "isHook": false,
              "skipped": false
            },
            {
              "title": "Será validado se o elemento que serve de container para a imagem tem uma borda preta, sólida, com 1 pixel de largura",
              "fullTitle": "3 - Adicione uma moldura no container. A moldura deve ter 1 pixel de largura, deve ser preta e do tipo 'solid'. A área onde a imagem aparecerá deve ter fundo branco. Será validado se o elemento que serve de container para a imagem tem uma borda preta, sólida, com 1 pixel de largura",
              "timedOut": null,
              "duration": 262,
              "state": "passed",
              "speed": "slow",
              "pass": true,
              "fail": false,
              "pending": false,
              "context": null,
              "code": "cy.get('#meme-image-container').should('have.css', 'border', '1px solid rgb(0, 0, 0)');",
              "err": {},
              "uuid": "fd53ab7e-327f-4088-99c9-7963451b3c21",
              "parentUUID": "530bb972-1b6b-49fc-8da3-6f9e0acd3328",
              "isHook": false,
              "skipped": false
            },
            {
              "title": "Será validado se a imagem deve estar totalmente contida dentro do elemento identificado como `meme-image-container`",
              "fullTitle": "3 - Adicione uma moldura no container. A moldura deve ter 1 pixel de largura, deve ser preta e do tipo 'solid'. A área onde a imagem aparecerá deve ter fundo branco. Será validado se a imagem deve estar totalmente contida dentro do elemento identificado como `meme-image-container`",
              "timedOut": null,
              "duration": 260,
              "state": "passed",
              "speed": "slow",
              "pass": true,
              "fail": false,
              "pending": false,
              "context": null,
              "code": "memeUpload();\ncheckFullOverlappage('#meme-image-container', '#meme-image');",
              "err": {},
              "uuid": "5680e043-05aa-4737-a003-5864ba929465",
              "parentUUID": "530bb972-1b6b-49fc-8da3-6f9e0acd3328",
              "isHook": false,
              "skipped": false
            }
          ],
          "suites": [],
          "passes": [
            "3cc2ad4c-aaf1-4705-bb47-3df0a3664b78",
            "fd53ab7e-327f-4088-99c9-7963451b3c21",
            "5680e043-05aa-4737-a003-5864ba929465"
          ],
          "failures": [],
          "pending": [],
          "skipped": [],
          "duration": 707,
          "root": false,
          "rootEmpty": false,
          "_timeout": 2000
        },
        {
          "uuid": "f31866dd-f831-43dd-a8ce-d4a52aed1395",
          "title": "4 - Adicione o texto que será inserido sobre a imagem tem uma cor, sombra e tamanho específicos.",
          "fullFile": "",
          "file": "",
          "beforeHooks": [],
          "afterHooks": [],
          "tests": [
            {
              "title": "Será validado se o texto do elemento `meme-text` dtem uma sombra preta, de 5 pixels na horizontal, 5 pixels na vertical e um raio de desfoque de 5 pixels",
              "fullTitle": "4 - Adicione o texto que será inserido sobre a imagem tem uma cor, sombra e tamanho específicos. Será validado se o texto do elemento `meme-text` dtem uma sombra preta, de 5 pixels na horizontal, 5 pixels na vertical e um raio de desfoque de 5 pixels",
              "timedOut": null,
              "duration": 228,
              "state": "passed",
              "speed": "slow",
              "pass": true,
              "fail": false,
              "pending": false,
              "context": null,
              "code": "cy.get('#meme-text').should(function ($text) {\n  expect($text).to.have.css('text-shadow', 'rgb(0, 0, 0) 5px 5px 5px');\n});",
              "err": {},
              "uuid": "7822ea08-9767-48ba-a9ed-31cb3b463266",
              "parentUUID": "f31866dd-f831-43dd-a8ce-d4a52aed1395",
              "isHook": false,
              "skipped": false
            },
            {
              "title": "Será validado se o texto do elemento `meme-text` tem a fonte com o tamanho de 30 pixels",
              "fullTitle": "4 - Adicione o texto que será inserido sobre a imagem tem uma cor, sombra e tamanho específicos. Será validado se o texto do elemento `meme-text` tem a fonte com o tamanho de 30 pixels",
              "timedOut": null,
              "duration": 348,
              "state": "passed",
              "speed": "slow",
              "pass": true,
              "fail": false,
              "pending": false,
              "context": null,
              "code": "cy.get('#meme-text').should('have.css', 'font-size', '30px');",
              "err": {},
              "uuid": "6ee5225b-5c33-4a0c-8ee9-4562129f1b3f",
              "parentUUID": "f31866dd-f831-43dd-a8ce-d4a52aed1395",
              "isHook": false,
              "skipped": false
            },
            {
              "title": "Será validado se o texto do elemento `meme-text` deve estar na cor branca",
              "fullTitle": "4 - Adicione o texto que será inserido sobre a imagem tem uma cor, sombra e tamanho específicos. Será validado se o texto do elemento `meme-text` deve estar na cor branca",
              "timedOut": null,
              "duration": 238,
              "state": "passed",
              "speed": "slow",
              "pass": true,
              "fail": false,
              "pending": false,
              "context": null,
              "code": "cy.get('#meme-text').should('have.css', 'color', 'rgb(255, 255, 255)');",
              "err": {},
              "uuid": "37b3ba0d-28df-446b-a36f-c89c0cf2bce0",
              "parentUUID": "f31866dd-f831-43dd-a8ce-d4a52aed1395",
              "isHook": false,
              "skipped": false
            }
          ],
          "suites": [],
          "passes": [
            "7822ea08-9767-48ba-a9ed-31cb3b463266",
            "6ee5225b-5c33-4a0c-8ee9-4562129f1b3f",
            "37b3ba0d-28df-446b-a36f-c89c0cf2bce0"
          ],
          "failures": [],
          "pending": [],
          "skipped": [],
          "duration": 814,
          "root": false,
          "rootEmpty": false,
          "_timeout": 2000
        },
        {
          "uuid": "4febc078-895f-4903-99a3-48dcf2607e24",
          "title": "5 - Limite o tamanho do texto que o usuário pode inserir.",
          "fullFile": "",
          "file": "",
          "beforeHooks": [],
          "afterHooks": [],
          "tests": [
            {
              "title": "Será validado se a quantidade máxima de caracteres digitáveis no elemento `text-input` deve ser 60.",
              "fullTitle": "5 - Limite o tamanho do texto que o usuário pode inserir. Será validado se a quantidade máxima de caracteres digitáveis no elemento `text-input` deve ser 60.",
              "timedOut": null,
              "duration": 1188,
              "state": "passed",
              "speed": "slow",
              "pass": true,
              "fail": false,
              "pending": false,
              "context": null,
              "code": "cy.get('#text-input').type('I have written a line that has precisely sixty-one characters').should('have.value', 'I have written a line that has precisely sixty-one character');",
              "err": {},
              "uuid": "cba4d93b-54a8-4833-8a87-45c2d33ec31e",
              "parentUUID": "4febc078-895f-4903-99a3-48dcf2607e24",
              "isHook": false,
              "skipped": false
            }
          ],
          "suites": [],
          "passes": [
            "cba4d93b-54a8-4833-8a87-45c2d33ec31e"
          ],
          "failures": [],
          "pending": [],
          "skipped": [],
          "duration": 1188,
          "root": false,
          "rootEmpty": false,
          "_timeout": 2000
        },
        {
          "uuid": "6903a6f4-81f1-47e8-ba03-9d68fe776f2a",
          "title": "6 - Permita a quem usa customizar o meme escolhido acrescentando a ele uma de três bordas. A página deve ter três botões, que ao serem clicados devem cada um trocar a própria borda ao redor do container.",
          "fullFile": "",
          "file": "",
          "beforeHooks": [],
          "afterHooks": [],
          "tests": [
            {
              "title": "Será validado se o botão com identificado com id `fire` funciona corretamente.",
              "fullTitle": "6 - Permita a quem usa customizar o meme escolhido acrescentando a ele uma de três bordas. A página deve ter três botões, que ao serem clicados devem cada um trocar a própria borda ao redor do container. Será validado se o botão com identificado com id `fire` funciona corretamente.",
              "timedOut": null,
              "duration": 308,
              "state": "passed",
              "speed": "slow",
              "pass": true,
              "fail": false,
              "pending": false,
              "context": null,
              "code": "cy.get('#fire').should('have.css', 'background-color', 'rgb(255, 0, 0)');\ncy.get('#fire').click();\ncy.get('#meme-image-container').should('have.css', 'border', '3px dashed rgb(255, 0, 0)');",
              "err": {},
              "uuid": "9d347f95-ae8b-402e-be5f-739706770975",
              "parentUUID": "6903a6f4-81f1-47e8-ba03-9d68fe776f2a",
              "isHook": false,
              "skipped": false
            },
            {
              "title": "Será validado se o botão com identificado com id `water` funciona corretamente.",
              "fullTitle": "6 - Permita a quem usa customizar o meme escolhido acrescentando a ele uma de três bordas. A página deve ter três botões, que ao serem clicados devem cada um trocar a própria borda ao redor do container. Será validado se o botão com identificado com id `water` funciona corretamente.",
              "timedOut": null,
              "duration": 244,
              "state": "passed",
              "speed": "slow",
              "pass": true,
              "fail": false,
              "pending": false,
              "context": null,
              "code": "cy.get('#water').should('have.css', 'background-color', 'rgb(0, 0, 255)');\ncy.get('#water').click();\ncy.get('#meme-image-container').should('have.css', 'border', '5px double rgb(0, 0, 255)');",
              "err": {},
              "uuid": "b2581c1d-e38a-4380-b486-64ef6906b377",
              "parentUUID": "6903a6f4-81f1-47e8-ba03-9d68fe776f2a",
              "isHook": false,
              "skipped": false
            },
            {
              "title": "Será validado se o botão com identificado com id `earth` funciona corretamente.",
              "fullTitle": "6 - Permita a quem usa customizar o meme escolhido acrescentando a ele uma de três bordas. A página deve ter três botões, que ao serem clicados devem cada um trocar a própria borda ao redor do container. Será validado se o botão com identificado com id `earth` funciona corretamente.",
              "timedOut": null,
              "duration": 232,
              "state": "passed",
              "speed": "slow",
              "pass": true,
              "fail": false,
              "pending": false,
              "context": null,
              "code": "cy.get('#earth').should('have.css', 'background-color', 'rgb(0, 128, 0)');\ncy.get('#earth').click();\ncy.get('#meme-image-container').should('have.css', 'border', '6px groove rgb(0, 128, 0)');",
              "err": {},
              "uuid": "775dbc8a-5ddf-4585-a919-8e602c3a7b2f",
              "parentUUID": "6903a6f4-81f1-47e8-ba03-9d68fe776f2a",
              "isHook": false,
              "skipped": false
            }
          ],
          "suites": [],
          "passes": [
            "9d347f95-ae8b-402e-be5f-739706770975",
            "b2581c1d-e38a-4380-b486-64ef6906b377",
            "775dbc8a-5ddf-4585-a919-8e602c3a7b2f"
          ],
          "failures": [],
          "pending": [],
          "skipped": [],
          "duration": 784,
          "root": false,
          "rootEmpty": false,
          "_timeout": 2000
        },
        {
          "uuid": "e29c08ea-1942-4bb3-950d-57229d9f0b93",
          "title": "7 - Tenha um conjunto de quatro imagens pré prontas de memes famosos para o usuário escolher. Mostre miniaturas das imagens e, mediante clique do usuário, essa imagem deve aparecer dentro da moldura do elemento de container.",
          "fullFile": "",
          "file": "",
          "beforeHooks": [],
          "afterHooks": [],
          "tests": [
            {
              "title": "Será validado se as imagens prontas apresentam o comportamente esperado.",
              "fullTitle": "7 - Tenha um conjunto de quatro imagens pré prontas de memes famosos para o usuário escolher. Mostre miniaturas das imagens e, mediante clique do usuário, essa imagem deve aparecer dentro da moldura do elemento de container. Será validado se as imagens prontas apresentam o comportamente esperado.",
              "timedOut": null,
              "duration": 4447,
              "state": "failed",
              "speed": null,
              "pass": false,
              "fail": true,
              "pending": false,
              "context": null,
              "code": "[1, 2, 3, 4].map(function (memeId) {\n  cy.get(\"#meme-\".concat(memeId)).click();\n  cy.get('#meme-image').should('have.attr', 'src').and('match', new RegExp(\"imgs/meme\".concat(memeId, \".png$\")));\n});",
              "err": {
                "message": "CypressError: Timed out retrying: expected 'http://localhost:46351/imgs/meme1.jpg' to match /imgs\\/meme1.png$/",
                "estack": "CypressError: Timed out retrying: expected 'http://localhost:46351/imgs/meme1.jpg' to match /imgs\\/meme1.png$/\n    at Object.cypressErr (http://localhost:46351/__cypress/runner/cypress_runner.js:86207:11)\n    at Object.throwErr (http://localhost:46351/__cypress/runner/cypress_runner.js:86162:18)\n    at Object.throwErrByPath (http://localhost:46351/__cypress/runner/cypress_runner.js:86194:17)\n    at retry (http://localhost:46351/__cypress/runner/cypress_runner.js:76849:16)\n    at onFailFn (http://localhost:46351/__cypress/runner/cypress_runner.js:65634:16)\n    at tryCatcher (http://localhost:46351/__cypress/runner/cypress_runner.js:120203:23)\n    at Promise._settlePromiseFromHandler (http://localhost:46351/__cypress/runner/cypress_runner.js:118139:31)\n    at Promise._settlePromise (http://localhost:46351/__cypress/runner/cypress_runner.js:118196:18)\n    at Promise._settlePromise0 (http://localhost:46351/__cypress/runner/cypress_runner.js:118241:10)\n    at Promise._settlePromises (http://localhost:46351/__cypress/runner/cypress_runner.js:118316:18)\n    at Async../node_modules/bluebird/js/release/async.js.Async._drainQueue (http://localhost:46351/__cypress/runner/cypress_runner.js:114928:16)\n    at Async../node_modules/bluebird/js/release/async.js.Async._drainQueues (http://localhost:46351/__cypress/runner/cypress_runner.js:114938:10)\n    at Async.drainQueues (http://localhost:46351/__cypress/runner/cypress_runner.js:114812:14)",
                "diff": null
              },
              "uuid": "372f5026-f5e5-4662-bf28-c8f52dfc40aa",
              "parentUUID": "e29c08ea-1942-4bb3-950d-57229d9f0b93",
              "isHook": false,
              "skipped": false
            }
          ],
          "suites": [],
          "passes": [],
          "failures": [
            "372f5026-f5e5-4662-bf28-c8f52dfc40aa"
          ],
          "pending": [],
          "skipped": [],
          "duration": 4447,
          "root": false,
          "rootEmpty": false,
          "_timeout": 2000
        }
      ],
      "passes": [],
      "failures": [],
      "pending": [],
      "skipped": [],
      "duration": 0,
      "root": true,
      "rootEmpty": true,
      "_timeout": 2000
    }
  ],
  "meta": {
    "mocha": {
      "version": "7.0.1"
    },
    "mochawesome": {
      "options": {
        "quiet": false,
        "reportFilename": "mochawesome",
        "saveHtml": false,
        "saveJson": true,
        "consoleReporter": "spec",
        "useInlineDiffs": false
      },
      "version": "4.1.0"
    },
    "marge": {
      "options": {
        "id": "default",
        "reportDir": "cypress/reports",
        "overwrite": true,
        "html": false,
        "json": true
      },
      "version": "4.1.0"
    }
  }
}